app/build/intermediates/manifest_merge_blame_file/debug/manifest-merger-blame-debug-report.txt
1<?xml version="1.0" encoding="utf-8"?>
2<manifest xmlns:android="http://schemas.android.com/apk/res/android"
3    package="org.tensorflow.lite.examples.detection"
4    android:versionCode="1"
5    android:versionName="1.0" >
6
7    <uses-sdk
7-->src/main/AndroidManifest.xml:6:5-17
8        android:minSdkVersion="21"
8-->src/main/AndroidManifest.xml:6:5-17
9        android:targetSdkVersion="28" />
9-->src/main/AndroidManifest.xml:6:5-17
10    <!-- Tell the system this app requires OpenGL ES 3.1. -->
11    <uses-feature
11-->src/main/AndroidManifest.xml:4:5-78
12        android:glEsVersion="0x00030001"
12-->src/main/AndroidManifest.xml:4:19-51
13        android:required="true" />
13-->src/main/AndroidManifest.xml:4:52-75
14
15    <uses-permission android:name="android.permission.CAMERA" />
15-->src/main/AndroidManifest.xml:8:5-65
15-->src/main/AndroidManifest.xml:8:22-62
16
17    <uses-feature android:name="android.hardware.camera" />
17-->src/main/AndroidManifest.xml:10:5-60
17-->src/main/AndroidManifest.xml:10:19-57
18    <uses-feature android:name="android.hardware.camera.autofocus" />
18-->src/main/AndroidManifest.xml:11:5-70
18-->src/main/AndroidManifest.xml:11:19-67
19
20    <uses-permission android:name="android.permission.WRITE_EXTERNAL_STORAGE" />
20-->src/main/AndroidManifest.xml:12:5-80
20-->src/main/AndroidManifest.xml:12:22-78
21    <uses-permission android:name="android.permission.READ_EXTERNAL_STORAGE" />
21-->src/main/AndroidManifest.xml:13:5-79
21-->src/main/AndroidManifest.xml:13:22-77
22    <uses-permission android:name="android.permission.INTERNET" />
22-->src/main/AndroidManifest.xml:14:5-66
22-->src/main/AndroidManifest.xml:14:22-64
23
24    <application
24-->src/main/AndroidManifest.xml:16:5-36:19
25        android:allowBackup="false"
25-->src/main/AndroidManifest.xml:17:9-36
26        android:appComponentFactory="androidx.core.app.CoreComponentFactory"
26-->[androidx.core:core:1.1.0] AndroidManifest.xml:24:18-86
27        android:debuggable="true"
28        android:hardwareAccelerated="true"
28-->src/main/AndroidManifest.xml:23:9-43
29        android:icon="@drawable/a"
29-->src/main/AndroidManifest.xml:18:9-35
30        android:installLocation="internalOnly"
30-->src/main/AndroidManifest.xml:24:9-47
31        android:label="@string/tfe_od_app_name"
31-->src/main/AndroidManifest.xml:19:9-48
32        android:roundIcon="@mipmap/ic_launcher_round"
32-->src/main/AndroidManifest.xml:20:9-54
33        android:supportsRtl="true"
33-->src/main/AndroidManifest.xml:21:9-35
34        android:theme="@style/AppTheme.ObjectDetection" >
34-->src/main/AndroidManifest.xml:22:9-56
35        <activity
35-->src/main/AndroidManifest.xml:26:9-34:20
36            android:name="org.tensorflow.lite.examples.detection.DetectorActivity"
36-->src/main/AndroidManifest.xml:27:13-45
37            android:label="@string/tfe_od_app_name"
37-->src/main/AndroidManifest.xml:28:13-52
38            android:screenOrientation="portrait" >
38-->src/main/AndroidManifest.xml:29:13-49
39            <intent-filter>
39-->src/main/AndroidManifest.xml:30:13-33:29
40                <action android:name="android.intent.action.MAIN" />
40-->src/main/AndroidManifest.xml:31:17-69
40-->src/main/AndroidManifest.xml:31:25-66
41
42                <category android:name="android.intent.category.LAUNCHER" />
42-->src/main/AndroidManifest.xml:32:17-77
42-->src/main/AndroidManifest.xml:32:27-74
43            </intent-filter>
44        </activity>
45    </application>
46
47</manifest>